# JRE version: OpenJDK Runtime Environment Temurin-17+35 (17.0+35) (build 17+35)
# Java VM: OpenJDK 64-Bit Server VM Temurin-17+35 (17+35, mixed mode, emulated-client, tiered, compressed oops, compressed class ptrs, g1 gc, windows-amd64)
GC Precious Log:
 CPUs: 4 total, 4 available
 Memory: 8139M
 Large Page Support: Disabled
 NUMA Support: Disabled
 Compressed Oops: Enabled (32-bit)
 Heap Region Size: 1M
 Heap Min Capacity: 8M
 Heap Initial Capacity: 128M
 Heap Max Capacity: 2036M
 Pre-touch: Disabled
 Parallel Workers: 4
 Concurrent Workers: 1
 Concurrent Refinement Workers: 4
 Periodic GC: Disabled
Heap:
 garbage-first heap   total 60416K, used 28585K [0x0000000080c00000, 0x0000000100000000)
  region size 1024K, 3 young (3072K), 2 survivors (2048K)
 Metaspace       used 68803K, committed 69248K, reserved 1114112K
  class space    used 9196K, committed 9408K, reserved 1048576K
GC Heap History (20 events):
Event: 23.058 GC heap before
{Heap before GC invocations=13 (full 0):
 garbage-first heap   total 50176K, used 38045K [0x0000000080c00000, 0x0000000100000000)
  region size 1024K, 24 young (24576K), 1 survivors (1024K)
 Metaspace       used 34779K, committed 35072K, reserved 1081344K
  class space    used 4347K, committed 4480K, reserved 1048576K
}
Event: 23.061 GC heap after
{Heap after GC invocations=14 (full 0):
 garbage-first heap   total 60416K, used 15604K [0x0000000080c00000, 0x0000000100000000)
  region size 1024K, 1 young (1024K), 1 survivors (1024K)
 Metaspace       used 34779K, committed 35072K, reserved 1081344K
  class space    used 4347K, committed 4480K, reserved 1048576K
}
Event: 23.887 GC heap before
{Heap before GC invocations=14 (full 0):
 garbage-first heap   total 60416K, used 37108K [0x0000000080c00000, 0x0000000100000000)
  region size 1024K, 24 young (24576K), 1 survivors (1024K)
 Metaspace       used 35777K, committed 36096K, reserved 1081344K
  class space    used 4467K, committed 4608K, reserved 1048576K
}
Event: 23.894 GC heap after
{Heap after GC invocations=15 (full 0):
 garbage-first heap   total 60416K, used 15812K [0x0000000080c00000, 0x0000000100000000)
  region size 1024K, 1 young (1024K), 1 survivors (1024K)
 Metaspace       used 35777K, committed 36096K, reserved 1081344K
  class space    used 4467K, committed 4608K, reserved 1048576K
}
Event: 27.827 GC heap before
{Heap before GC invocations=16 (full 0):
 garbage-first heap   total 60416K, used 49604K [0x0000000080c00000, 0x0000000100000000)
  region size 1024K, 34 young (34816K), 1 survivors (1024K)
 Metaspace       used 44711K, committed 45056K, reserved 1089536K
  class space    used 5764K, committed 5952K, reserved 1048576K
}
Event: 27.845 GC heap after
{Heap after GC invocations=17 (full 0):
 garbage-first heap   total 60416K, used 18027K [0x0000000080c00000, 0x0000000100000000)
  region size 1024K, 4 young (4096K), 4 survivors (4096K)
 Metaspace       used 44711K, committed 45056K, reserved 1089536K
  class space    used 5764K, committed 5952K, reserved 1048576K
}
Event: 27.949 GC heap before
{Heap before GC invocations=17 (full 0):
 garbage-first heap   total 60416K, used 19051K [0x0000000080c00000, 0x0000000100000000)
  region size 1024K, 5 young (5120K), 4 survivors (4096K)
 Metaspace       used 44981K, committed 45376K, reserved 1089536K
  class space    used 5816K, committed 6016K, reserved 1048576K
}
Event: 27.969 GC heap after
{Heap after GC invocations=18 (full 0):
 garbage-first heap   total 60416K, used 17995K [0x0000000080c00000, 0x0000000100000000)
  region size 1024K, 1 young (1024K), 1 survivors (1024K)
 Metaspace       used 44981K, committed 45376K, reserved 1089536K
  class space    used 5816K, committed 6016K, reserved 1048576K
}
Event: 31.606 GC heap before
{Heap before GC invocations=18 (full 0):
 garbage-first heap   total 60416K, used 47691K [0x0000000080c00000, 0x0000000100000000)
  region size 1024K, 30 young (30720K), 1 survivors (1024K)
 Metaspace       used 52901K, committed 53312K, reserved 1097728K
  class space    used 7005K, committed 7168K, reserved 1048576K
}
Event: 31.615 GC heap after
{Heap after GC invocations=19 (full 0):
 garbage-first heap   total 60416K, used 19249K [0x0000000080c00000, 0x0000000100000000)
  region size 1024K, 2 young (2048K), 2 survivors (2048K)
 Metaspace       used 52901K, committed 53312K, reserved 1097728K
  class space    used 7005K, committed 7168K, reserved 1048576K
}
Event: 34.446 GC heap before
{Heap before GC invocations=20 (full 0):
 garbage-first heap   total 60416K, used 47921K [0x0000000080c00000, 0x0000000100000000)
  region size 1024K, 30 young (30720K), 2 survivors (2048K)
 Metaspace       used 56944K, committed 57408K, reserved 1105920K
  class space    used 7610K, committed 7872K, reserved 1048576K
}
Event: 34.462 GC heap after
{Heap after GC invocations=21 (full 0):
 garbage-first heap   total 60416K, used 21334K [0x0000000080c00000, 0x0000000100000000)
  region size 1024K, 4 young (4096K), 4 survivors (4096K)
 Metaspace       used 56944K, committed 57408K, reserved 1105920K
  class space    used 7610K, committed 7872K, reserved 1048576K
}
Event: 37.259 GC heap before
{Heap before GC invocations=21 (full 0):
 garbage-first heap   total 60416K, used 47958K [0x0000000080c00000, 0x0000000100000000)
  region size 1024K, 30 young (30720K), 4 survivors (4096K)
 Metaspace       used 60336K, committed 60800K, reserved 1105920K
  class space    used 8105K, committed 8320K, reserved 1048576K
}
Event: 37.287 GC heap after
{Heap after GC invocations=22 (full 0):
 garbage-first heap   total 60416K, used 23946K [0x0000000080c00000, 0x0000000100000000)
  region size 1024K, 3 young (3072K), 3 survivors (3072K)
 Metaspace       used 60336K, committed 60800K, reserved 1105920K
  class space    used 8105K, committed 8320K, reserved 1048576K
}
Event: 56.364 GC heap before
{Heap before GC invocations=22 (full 0):
 garbage-first heap   total 60416K, used 47498K [0x0000000080c00000, 0x0000000100000000)
  region size 1024K, 27 young (27648K), 3 survivors (3072K)
 Metaspace       used 64869K, committed 65280K, reserved 1105920K
  class space    used 8712K, committed 8896K, reserved 1048576K
}
Event: 56.389 GC heap after
{Heap after GC invocations=23 (full 0):
 garbage-first heap   total 60416K, used 27253K [0x0000000080c00000, 0x0000000100000000)
  region size 1024K, 4 young (4096K), 4 survivors (4096K)
 Metaspace       used 64869K, committed 65280K, reserved 1105920K
  class space    used 8712K, committed 8896K, reserved 1048576K
}
Event: 227.530 GC heap before
{Heap before GC invocations=23 (full 0):
 garbage-first heap   total 60416K, used 45685K [0x0000000080c00000, 0x0000000100000000)
  region size 1024K, 23 young (23552K), 4 survivors (4096K)
 Metaspace       used 67828K, committed 68288K, reserved 1114112K
  class space    used 9074K, committed 9280K, reserved 1048576K
}
Event: 227.546 GC heap after
{Heap after GC invocations=24 (full 0):
 garbage-first heap   total 60416K, used 28671K [0x0000000080c00000, 0x0000000100000000)
  region size 1024K, 2 young (2048K), 2 survivors (2048K)
 Metaspace       used 67828K, committed 68288K, reserved 1114112K
  class space    used 9074K, committed 9280K, reserved 1048576K
}
Event: 782.228 GC heap before
{Heap before GC invocations=24 (full 0):
 garbage-first heap   total 60416K, used 48127K [0x0000000080c00000, 0x0000000100000000)
  region size 1024K, 21 young (21504K), 2 survivors (2048K)
 Metaspace       used 68803K, committed 69248K, reserved 1114112K
  class space    used 9196K, committed 9408K, reserved 1048576K
}
Event: 782.236 GC heap after
{Heap after GC invocations=25 (full 0):
 garbage-first heap   total 60416K, used 28585K [0x0000000080c00000, 0x0000000100000000)
  region size 1024K, 2 young (2048K), 2 survivors (2048K)
 Metaspace       used 68803K, committed 69248K, reserved 1114112K
  class space    used 9196K, committed 9408K, reserved 1048576K
}

